[debug] [2019-03-14T15:37:47.809Z] ----------------------------------------------------------------------
[debug] [2019-03-14T15:37:47.811Z] Command:       /usr/local/bin/node /usr/local/bin/firebase deploy --only functions
[debug] [2019-03-14T15:37:47.811Z] CLI Version:   6.5.0
[debug] [2019-03-14T15:37:47.811Z] Platform:      linux
[debug] [2019-03-14T15:37:47.812Z] Node Version:  v8.10.0
[debug] [2019-03-14T15:37:47.812Z] Time:          Thu Mar 14 2019 12:37:47 GMT-0300 (BRT)
[debug] [2019-03-14T15:37:47.812Z] ----------------------------------------------------------------------
[debug] 
[debug] [2019-03-14T15:37:47.820Z] > command requires scopes: ["email","openid","https://www.googleapis.com/auth/cloudplatformprojects.readonly","https://www.googleapis.com/auth/firebase","https://www.googleapis.com/auth/cloud-platform"]
[debug] [2019-03-14T15:37:47.820Z] > authorizing via signed-in user
[debug] [2019-03-14T15:37:47.820Z] [iam] checking project functions-example-27ce3 for permissions ["cloudfunctions.functions.create","cloudfunctions.functions.delete","cloudfunctions.functions.get","cloudfunctions.functions.list","cloudfunctions.functions.update","cloudfunctions.operations.get","firebase.projects.get"]
[debug] [2019-03-14T15:37:47.822Z] > refreshing access token with scopes: ["email","https://www.googleapis.com/auth/cloud-platform","https://www.googleapis.com/auth/cloudplatformprojects.readonly","https://www.googleapis.com/auth/firebase","openid"]
[debug] [2019-03-14T15:37:47.822Z] >>> HTTP REQUEST POST https://www.googleapis.com/oauth2/v3/token  
 <request body omitted>
[debug] [2019-03-14T15:37:48.123Z] <<< HTTP RESPONSE 200
[debug] [2019-03-14T15:37:48.199Z] >>> HTTP REQUEST POST https://cloudresourcemanager.googleapis.com/v1/projects/functions-example-27ce3:testIamPermissions  

[debug] [2019-03-14T15:37:49.233Z] <<< HTTP RESPONSE 200
[info] 
[info] === Deploying to 'functions-example-27ce3'...
[info] 
[info] i  deploying functions
[debug] [2019-03-14T15:37:51.253Z] > [functions] package.json contents: {
  "name": "functions",
  "description": "Cloud Functions for Firebase",
  "scripts": {
    "serve": "firebase serve --only functions",
    "shell": "firebase functions:shell",
    "start": "npm run shell",
    "deploy": "firebase deploy --only functions",
    "logs": "firebase functions:log"
  },
  "dependencies": {
    "body-parser": "^1.18.3",
    "cors": "^2.8.5",
    "express": "^4.16.4",
    "firebase-admin": "~7.0.0",
    "firebase-functions": "^2.2.0",
    "nodemon": "^1.18.10"
  },
  "private": true
}
[info] i  functions: ensuring necessary APIs are enabled...
[debug] [2019-03-14T15:37:51.254Z] >>> HTTP REQUEST GET https://servicemanagement.googleapis.com/v1/services/cloudfunctions.googleapis.com/projectSettings/functions-example-27ce3?view=CONSUMER_VIEW  
 
[debug] [2019-03-14T15:37:51.254Z] >>> HTTP REQUEST GET https://servicemanagement.googleapis.com/v1/services/runtimeconfig.googleapis.com/projectSettings/functions-example-27ce3?view=CONSUMER_VIEW  
 
[debug] [2019-03-14T15:37:52.932Z] <<< HTTP RESPONSE 200
[debug] [2019-03-14T15:37:52.962Z] <<< HTTP RESPONSE 200
[info] ✔  functions: all necessary APIs are enabled
[debug] [2019-03-14T15:37:52.965Z] >>> HTTP REQUEST GET https://cloudresourcemanager.googleapis.com/v1/projects/functions-example-27ce3  
 
[debug] [2019-03-14T15:37:53.996Z] <<< HTTP RESPONSE 200
[debug] [2019-03-14T15:37:53.997Z] >>> HTTP REQUEST GET https://mobilesdk-pa.googleapis.com/v1/projects/1019878327747:getServerAppConfig  
 
[debug] [2019-03-14T15:37:55.206Z] <<< HTTP RESPONSE 200
[info] i  functions: preparing functions directory for uploading...
[debug] [2019-03-14T15:37:55.210Z] >>> HTTP REQUEST GET https://runtimeconfig.googleapis.com/v1beta1/projects/functions-example-27ce3/configs  
 
[debug] [2019-03-14T15:37:55.665Z] <<< HTTP RESPONSE 200
[info] i  functions: packaged functions (90.45 KB) for uploading
[debug] [2019-03-14T15:37:55.942Z] >>> HTTP REQUEST POST https://cloudfunctions.googleapis.com/v1/projects/functions-example-27ce3/locations/us-central1/functions:generateUploadUrl  
 
[debug] [2019-03-14T15:37:57.266Z] <<< HTTP RESPONSE 200
[debug] [2019-03-14T15:37:57.268Z] >>> HTTP REQUEST PUT https://storage.googleapis.com/gcf-upload-us-central1-c6e53361-2160-439e-ba44-9187a32d015e/781e43e6-f05c-420b-b5e0-dd2593515b5f.zip?GoogleAccessId=service-1019878327747@gcf-admin-robot.iam.gserviceaccount.com&Expires=1552579677&Signature=di%2Fu8dIIygfZIzSW%2BPm%2BQVDQk21PY1tMzH2ZBO3YuRZyTlP9pLMc8nMLJ6DDemnyRYTvK8OJUTvWea1RmRvgwidgGEyrbyRqOMXiyEFRmAGpIje7%2Fc8DHeqjYz1dQCBRByNlDRIjy2AFgWeGJfopvcSgKLFgvF4ni1AuPwl%2BhW9vgF9f8J7BHnubvgy79XffgNyCm3oY1jruRH1%2BOP1W8%2BNaQ2iV1aPWJSHCWLAyxJwF0pfigp%2BB%2BwW1DV6gTCu657jmGxe6W2nhXyNAdTUwzW3gA9sRS3r%2BdaqifzjusHLGX7Odr2Xbp5oaqpLj7eG13pVkH5kZLk1hG9N7ZXXzcg%3D%3D  

[debug] [2019-03-14T15:37:58.786Z] <<< HTTP RESPONSE 200
[info] ✔  functions: functions folder uploaded successfully
[debug] [2019-03-14T15:37:58.793Z] >>> HTTP REQUEST GET https://cloudfunctions.googleapis.com/v1/projects/functions-example-27ce3/locations/-/functions  
 
[debug] [2019-03-14T15:38:00.186Z] <<< HTTP RESPONSE 200
[info] i  functions: creating Node.js 6 function functions-deleteMessage(us-central1)...
[debug] [2019-03-14T15:38:00.192Z] Trigger is:  {"httpsTrigger":{}}
[info] i  functions: updating Node.js 6 function functions-addMessage(us-central1)...
[debug] [2019-03-14T15:38:00.194Z] Trigger is:  {"httpsTrigger":{}}
[info] i  functions: updating Node.js 6 function functions-getMessages(us-central1)...
[debug] [2019-03-14T15:38:00.195Z] Trigger is:  {"httpsTrigger":{}}
[debug] [2019-03-14T15:38:00.197Z] >>> HTTP REQUEST POST https://cloudfunctions.googleapis.com/v1/projects/functions-example-27ce3/locations/us-central1/functions  

[debug] [2019-03-14T15:38:00.199Z] >>> HTTP REQUEST PATCH https://cloudfunctions.googleapis.com/v1/projects/functions-example-27ce3/locations/us-central1/functions/functions-addMessage {"updateMask":"sourceUploadUrl,name,labels,httpsTrigger"} 

[debug] [2019-03-14T15:38:00.200Z] >>> HTTP REQUEST PATCH https://cloudfunctions.googleapis.com/v1/projects/functions-example-27ce3/locations/us-central1/functions/functions-getMessages {"updateMask":"sourceUploadUrl,name,labels,httpsTrigger"} 

[debug] [2019-03-14T15:38:00.877Z] <<< HTTP RESPONSE 200
[debug] [2019-03-14T15:38:01.645Z] <<< HTTP RESPONSE 200
[debug] [2019-03-14T15:38:01.647Z] <<< HTTP RESPONSE 200
[debug] [2019-03-14T15:38:01.652Z] >>> HTTP REQUEST GET https://cloudfunctions.googleapis.com/v1/projects/functions-example-27ce3/locations/-/functions  
 
